TN:
SF:src\use-cases\submit-feedback-use-case.ts
FN:18,execute
FN:12,SubmitFeedbackUseCase
FNF:2
FNH:2
FNDA:2,execute
FNDA:1,SubmitFeedbackUseCase
DA:1,1
DA:2,1
DA:3,1
DA:4,1
DA:5,1
DA:6,1
DA:7,1
DA:8,1
DA:9,1
DA:10,1
DA:11,1
DA:12,1
DA:13,1
DA:14,1
DA:15,1
DA:16,1
DA:17,1
DA:18,1
DA:19,2
DA:20,2
DA:21,2
DA:22,1
DA:23,1
DA:24,1
DA:25,1
DA:26,2
DA:27,0
DA:28,0
DA:29,1
DA:30,1
DA:31,2
DA:32,0
DA:33,0
DA:34,1
DA:35,2
DA:36,0
DA:37,0
DA:38,1
DA:39,1
DA:40,1
DA:41,1
DA:42,1
DA:43,1
DA:44,1
DA:45,1
DA:46,1
DA:47,1
DA:48,1
DA:49,1
DA:50,1
DA:51,1
DA:52,1
DA:53,1
DA:54,1
DA:55,1
LF:55
LH:49
BRDA:18,0,0,2
BRDA:21,1,0,1
BRDA:26,2,0,0
BRDA:29,3,0,1
BRDA:31,4,0,0
BRDA:34,5,0,1
BRDA:35,6,0,0
BRDA:38,7,0,1
BRDA:12,8,0,1
BRF:9
BRH:6
end_of_record
